<?xml version="1.0" encoding="UTF-8"?>
<testng-results ignored="0" total="6" passed="4" failed="2" skipped="0">
  <reporter-output>
  </reporter-output>
  <suite started-at="2023-01-28T19:08:26 IST" name="Suite" finished-at="2023-01-28T19:11:31 IST" duration-ms="184562">
    <groups>
    </groups>
    <test started-at="2023-01-28T19:08:26 IST" name="Test-0" finished-at="2023-01-28T19:08:39 IST" duration-ms="13378">
      <class name="CrossBrowsing.TestDemo">
        <test-method signature="titleCheck()[pri:0, instance:CrossBrowsing.TestDemo@16fe9c29]" started-at="2023-01-28T19:08:26 IST" name="titleCheck" finished-at="2023-01-28T19:08:39 IST" duration-ms="13176" status="PASS">
          <reporter-output>
          </reporter-output>
        </test-method> <!-- titleCheck -->
      </class> <!-- CrossBrowsing.TestDemo -->
    </test> <!-- Test-0 -->
    <test started-at="2023-01-28T19:08:26 IST" name="Test-1" finished-at="2023-01-28T19:08:41 IST" duration-ms="15110">
      <class name="CrossBrowsing.TestDemo">
        <test-method signature="titleCheck()[pri:0, instance:CrossBrowsing.TestDemo@30cecdca]" started-at="2023-01-28T19:08:26 IST" name="titleCheck" finished-at="2023-01-28T19:08:41 IST" duration-ms="14883" status="PASS">
          <reporter-output>
          </reporter-output>
        </test-method> <!-- titleCheck -->
      </class> <!-- CrossBrowsing.TestDemo -->
    </test> <!-- Test-1 -->
    <test started-at="2023-01-28T19:08:26 IST" name="Test-2" finished-at="2023-01-28T19:08:42 IST" duration-ms="16139">
      <class name="CrossBrowsing.TestDemo">
        <test-method signature="titleCheck()[pri:0, instance:CrossBrowsing.TestDemo@5226e402]" started-at="2023-01-28T19:08:26 IST" name="titleCheck" finished-at="2023-01-28T19:08:42 IST" duration-ms="15986" status="FAIL">
          <exception class="java.lang.NullPointerException">
            <full-stacktrace>
              <![CDATA[java.lang.NullPointerException
at org.openqa.selenium.remote.RemoteWebDriver.close(RemoteWebDriver.java:423)
at CrossBrowsing.TestDemo.titleCheck(TestDemo.java:25)
at java.base/jdk.internal.reflect.NativeMethodAccessorImpl.invoke0(Native Method)
at java.base/jdk.internal.reflect.NativeMethodAccessorImpl.invoke(NativeMethodAccessorImpl.java:62)
at java.base/jdk.internal.reflect.DelegatingMethodAccessorImpl.invoke(DelegatingMethodAccessorImpl.java:43)
at java.base/java.lang.reflect.Method.invoke(Method.java:566)
at org.testng.internal.invokers.MethodInvocationHelper.invokeMethod(MethodInvocationHelper.java:139)
at org.testng.internal.invokers.TestInvoker.invokeMethod(TestInvoker.java:677)
at org.testng.internal.invokers.TestInvoker.invokeTestMethod(TestInvoker.java:221)
at org.testng.internal.invokers.MethodRunner.runInSequence(MethodRunner.java:50)
at org.testng.internal.invokers.TestInvoker$MethodInvocationAgent.invoke(TestInvoker.java:969)
at org.testng.internal.invokers.TestInvoker.invokeTestMethods(TestInvoker.java:194)
at org.testng.internal.invokers.TestMethodWorker.invokeTestMethods(TestMethodWorker.java:148)
at org.testng.internal.invokers.TestMethodWorker.run(TestMethodWorker.java:128)
at java.base/java.util.ArrayList.forEach(ArrayList.java:1541)
at org.testng.TestRunner.privateRun(TestRunner.java:829)
at org.testng.TestRunner.run(TestRunner.java:602)
at org.testng.SuiteRunner.runTest(SuiteRunner.java:437)
at org.testng.SuiteRunner$SuiteWorker.run(SuiteRunner.java:475)
at org.testng.internal.thread.ThreadUtil.lambda$execute$0(ThreadUtil.java:58)
at java.base/java.util.concurrent.FutureTask.run(FutureTask.java:264)
at java.base/java.util.concurrent.ThreadPoolExecutor.runWorker(ThreadPoolExecutor.java:1128)
at java.base/java.util.concurrent.ThreadPoolExecutor$Worker.run(ThreadPoolExecutor.java:628)
at java.base/java.lang.Thread.run(Thread.java:834)
]]>
            </full-stacktrace>
          </exception> <!-- java.lang.NullPointerException -->
          <reporter-output>
          </reporter-output>
        </test-method> <!-- titleCheck -->
      </class> <!-- CrossBrowsing.TestDemo -->
    </test> <!-- Test-2 -->
    <test started-at="2023-01-28T19:08:39 IST" name="Test1-0" finished-at="2023-01-28T19:09:04 IST" duration-ms="24850">
      <class name="CrossBrowsing.TestDemo2">
        <test-method signature="titleCheck()[pri:0, instance:CrossBrowsing.TestDemo2@f973499]" started-at="2023-01-28T19:08:39 IST" name="titleCheck" finished-at="2023-01-28T19:09:04 IST" duration-ms="24789" status="PASS">
          <reporter-output>
          </reporter-output>
        </test-method> <!-- titleCheck -->
      </class> <!-- CrossBrowsing.TestDemo2 -->
    </test> <!-- Test1-0 -->
    <test started-at="2023-01-28T19:08:41 IST" name="Test1-1" finished-at="2023-01-28T19:09:41 IST" duration-ms="59761">
      <class name="CrossBrowsing.TestDemo2">
        <test-method signature="titleCheck()[pri:0, instance:CrossBrowsing.TestDemo2@1c025cb]" started-at="2023-01-28T19:08:41 IST" name="titleCheck" finished-at="2023-01-28T19:09:41 IST" duration-ms="59696" status="PASS">
          <reporter-output>
          </reporter-output>
        </test-method> <!-- titleCheck -->
      </class> <!-- CrossBrowsing.TestDemo2 -->
    </test> <!-- Test1-1 -->
    <test started-at="2023-01-28T19:08:42 IST" name="Test1-2" finished-at="2023-01-28T19:11:31 IST" duration-ms="168387">
      <class name="CrossBrowsing.TestDemo2">
        <test-method signature="titleCheck()[pri:0, instance:CrossBrowsing.TestDemo2@7051777c]" started-at="2023-01-28T19:08:42 IST" name="titleCheck" finished-at="2023-01-28T19:11:31 IST" duration-ms="168381" status="FAIL">
          <exception class="java.lang.NullPointerException">
            <full-stacktrace>
              <![CDATA[java.lang.NullPointerException
at org.openqa.selenium.remote.RemoteWebDriver.close(RemoteWebDriver.java:423)
at CrossBrowsing.TestDemo2.titleCheck(TestDemo2.java:25)
at java.base/jdk.internal.reflect.NativeMethodAccessorImpl.invoke0(Native Method)
at java.base/jdk.internal.reflect.NativeMethodAccessorImpl.invoke(NativeMethodAccessorImpl.java:62)
at java.base/jdk.internal.reflect.DelegatingMethodAccessorImpl.invoke(DelegatingMethodAccessorImpl.java:43)
at java.base/java.lang.reflect.Method.invoke(Method.java:566)
at org.testng.internal.invokers.MethodInvocationHelper.invokeMethod(MethodInvocationHelper.java:139)
at org.testng.internal.invokers.TestInvoker.invokeMethod(TestInvoker.java:677)
at org.testng.internal.invokers.TestInvoker.invokeTestMethod(TestInvoker.java:221)
at org.testng.internal.invokers.MethodRunner.runInSequence(MethodRunner.java:50)
at org.testng.internal.invokers.TestInvoker$MethodInvocationAgent.invoke(TestInvoker.java:969)
at org.testng.internal.invokers.TestInvoker.invokeTestMethods(TestInvoker.java:194)
at org.testng.internal.invokers.TestMethodWorker.invokeTestMethods(TestMethodWorker.java:148)
at org.testng.internal.invokers.TestMethodWorker.run(TestMethodWorker.java:128)
at java.base/java.util.ArrayList.forEach(ArrayList.java:1541)
at org.testng.TestRunner.privateRun(TestRunner.java:829)
at org.testng.TestRunner.run(TestRunner.java:602)
at org.testng.SuiteRunner.runTest(SuiteRunner.java:437)
at org.testng.SuiteRunner$SuiteWorker.run(SuiteRunner.java:475)
at org.testng.internal.thread.ThreadUtil.lambda$execute$0(ThreadUtil.java:58)
at java.base/java.util.concurrent.FutureTask.run(FutureTask.java:264)
at java.base/java.util.concurrent.ThreadPoolExecutor.runWorker(ThreadPoolExecutor.java:1128)
at java.base/java.util.concurrent.ThreadPoolExecutor$Worker.run(ThreadPoolExecutor.java:628)
at java.base/java.lang.Thread.run(Thread.java:834)
]]>
            </full-stacktrace>
          </exception> <!-- java.lang.NullPointerException -->
          <reporter-output>
          </reporter-output>
        </test-method> <!-- titleCheck -->
      </class> <!-- CrossBrowsing.TestDemo2 -->
    </test> <!-- Test1-2 -->
  </suite> <!-- Suite -->
</testng-results>
