<?xml version="1.0" encoding="UTF-8"?>
<testsuite xmlns:xsi="http://www.w3.org/2001/XMLSchema-instance" xsi:noNamespaceSchemaLocation="https://maven.apache.org/surefire/maven-surefire-plugin/xsd/surefire-test-report-3.0.xsd" version="3.0" name="TestSuite" time="186.031" tests="6" errors="0" skipped="0" failures="2">
  <properties>
[...]
</properties>
  <testcase name="titleCheck" classname="CrossBrowsing.TestDemo" time="13.194">
    <system-err><![CDATA[Jan 28, 2023 7:08:27 PM org.openqa.selenium.remote.tracing.opentelemetry.OpenTelemetryTracer createTracer
INFO: Using OpenTelemetry for tracing
]]></system-err>
  </testcase>
  <testcase name="titleCheck" classname="CrossBrowsing.TestDemo" time="1.607"/>
  <testcase name="titleCheck" classname="CrossBrowsing.TestDemo" time="1.011">
    <failure type="java.lang.NullPointerException"><![CDATA[java.lang.NullPointerException
	at CrossBrowsing.TestDemo.titleCheck(TestDemo.java:25)
]]></failure>
  </testcase>
  <testcase name="titleCheck" classname="CrossBrowsing.TestDemo2" time="22.175"/>
  <testcase name="titleCheck" classname="CrossBrowsing.TestDemo2" time="58.714"/>
  <testcase name="titleCheck" classname="CrossBrowsing.TestDemo2" time="168.383">
    <failure type="java.lang.NullPointerException"><![CDATA[java.lang.NullPointerException
	at CrossBrowsing.TestDemo2.titleCheck(TestDemo2.java:25)
]]></failure>
  </testcase>
</testsuite>